<?xml version="1.0" encoding="UTF-8"?>
<!-- Generated by org.testng.reporters.JUnitReportReporter -->
<testsuite name="com.qa.hubspot.tests.HomePageTest" tests="3" time="2.766" ignored="0" failures="0" timestamp="06 Nov 2019 18:10:42 GMT" skipped="0" hostname="savvy" errors="0">
  <testcase name="verifyLoggedInUserTest" time="0.363" classname="com.qa.hubspot.tests.HomePageTest"/>
  <testcase name="verifyHomePageTitleTest" time="0.851" classname="com.qa.hubspot.tests.HomePageTest"/>
  <testcase name="verifyHomeHeaderTest" time="1.552" classname="com.qa.hubspot.tests.HomePageTest"/>
</testsuite> <!-- com.qa.hubspot.tests.HomePageTest -->
