<?xml version="1.0" encoding="UTF-8"?>
<!-- Generated by org.testng.reporters.JUnitReportReporter -->
<testsuite name="com.qa.hubspot.tests.ContactsPageTest" tests="4" time="131.037" ignored="1" failures="0" timestamp="09 Nov 2019 19:42:17 GMT" skipped="0" hostname="savvy" errors="0">
  <testcase name="createContactsTest" time="33.793" classname="com.qa.hubspot.tests.ContactsPageTest"/>
  <testcase name="createContactsTest" time="33.848" classname="com.qa.hubspot.tests.ContactsPageTest"/>
  <testcase name="createContactsTest" time="31.673" classname="com.qa.hubspot.tests.ContactsPageTest"/>
  <testcase name="createContactsTest" time="31.723" classname="com.qa.hubspot.tests.ContactsPageTest"/>
  <testcase name="verifyContactsPageTitle" classname="com.qa.hubspot.tests.ContactsPageTest">
    <skipped/>
  </testcase> <!-- verifyContactsPageTitle -->
</testsuite> <!-- com.qa.hubspot.tests.ContactsPageTest -->
